# JRE version: OpenJDK Runtime Environment Temurin-17.0.7+7 (17.0.7+7) (build 17.0.7+7)
# Java VM: OpenJDK 64-Bit Server VM Temurin-17.0.7+7 (17.0.7+7, mixed mode, tiered, compressed oops, compressed class ptrs, parallel gc, windows-amd64)
GC Precious Log:
 CPUs: 8 total, 8 available
 Memory: 7915M
 Large Page Support: Disabled
 NUMA Support: Disabled
 Compressed Oops: Enabled (32-bit)
 Alignments: Space 512K, Generation 512K, Heap 2M
 Heap Min Capacity: 100M
 Heap Initial Capacity: 100M
 Heap Max Capacity: 1G
 Pre-touch: Disabled
 Parallel Workers: 8
Heap:
 PSYoungGen      total 18944K, used 10778K [0x00000000eab00000, 0x00000000ec180000, 0x0000000100000000)
  eden space 18432K, 55% used [0x00000000eab00000,0x00000000eb506a40,0x00000000ebd00000)
  from space 512K, 100% used [0x00000000ec100000,0x00000000ec180000,0x00000000ec180000)
  to   space 1536K, 0% used [0x00000000ebe80000,0x00000000ebe80000,0x00000000ec000000)
 ParOldGen       total 68608K, used 53367K [0x00000000c0000000, 0x00000000c4300000, 0x00000000eab00000)
  object space 68608K, 77% used [0x00000000c0000000,0x00000000c341ddf0,0x00000000c4300000)
 Metaspace       used 68621K, committed 69696K, reserved 1114112K
  class space    used 7932K, committed 8448K, reserved 1048576K
GC Heap History (20 events):
Event: 243.125 GC heap before
{Heap before GC invocations=66 (full 3):
 PSYoungGen      total 18944K, used 18624K [0x00000000eab00000, 0x00000000ec180000, 0x0000000100000000)
  eden space 18432K, 100% used [0x00000000eab00000,0x00000000ebd00000,0x00000000ebd00000)
  from space 512K, 37% used [0x00000000ec100000,0x00000000ec130000,0x00000000ec180000)
  to   space 512K, 0% used [0x00000000ec080000,0x00000000ec080000,0x00000000ec100000)
 ParOldGen       total 68608K, used 51507K [0x00000000c0000000, 0x00000000c4300000, 0x00000000eab00000)
  object space 68608K, 75% used [0x00000000c0000000,0x00000000c324cf20,0x00000000c4300000)
 Metaspace       used 64420K, committed 65408K, reserved 1114112K
  class space    used 7531K, committed 8000K, reserved 1048576K
}
Event: 243.126 GC heap after
{Heap after GC invocations=66 (full 3):
 PSYoungGen      total 18944K, used 128K [0x00000000eab00000, 0x00000000ec180000, 0x0000000100000000)
  eden space 18432K, 0% used [0x00000000eab00000,0x00000000eab00000,0x00000000ebd00000)
  from space 512K, 25% used [0x00000000ec080000,0x00000000ec0a0000,0x00000000ec100000)
  to   space 512K, 0% used [0x00000000ec100000,0x00000000ec100000,0x00000000ec180000)
 ParOldGen       total 68608K, used 51539K [0x00000000c0000000, 0x00000000c4300000, 0x00000000eab00000)
  object space 68608K, 75% used [0x00000000c0000000,0x00000000c3254f20,0x00000000c4300000)
 Metaspace       used 64420K, committed 65408K, reserved 1114112K
  class space    used 7531K, committed 8000K, reserved 1048576K
}
Event: 247.442 GC heap before
{Heap before GC invocations=67 (full 3):
 PSYoungGen      total 18944K, used 18560K [0x00000000eab00000, 0x00000000ec180000, 0x0000000100000000)
  eden space 18432K, 100% used [0x00000000eab00000,0x00000000ebd00000,0x00000000ebd00000)
  from space 512K, 25% used [0x00000000ec080000,0x00000000ec0a0000,0x00000000ec100000)
  to   space 512K, 0% used [0x00000000ec100000,0x00000000ec100000,0x00000000ec180000)
 ParOldGen       total 68608K, used 51539K [0x00000000c0000000, 0x00000000c4300000, 0x00000000eab00000)
  object space 68608K, 75% used [0x00000000c0000000,0x00000000c3254f20,0x00000000c4300000)
 Metaspace       used 64542K, committed 65536K, reserved 1114112K
  class space    used 7542K, committed 8000K, reserved 1048576K
}
Event: 247.443 GC heap after
{Heap after GC invocations=67 (full 3):
 PSYoungGen      total 18944K, used 224K [0x00000000eab00000, 0x00000000ec180000, 0x0000000100000000)
  eden space 18432K, 0% used [0x00000000eab00000,0x00000000eab00000,0x00000000ebd00000)
  from space 512K, 43% used [0x00000000ec100000,0x00000000ec138000,0x00000000ec180000)
  to   space 512K, 0% used [0x00000000ec080000,0x00000000ec080000,0x00000000ec100000)
 ParOldGen       total 68608K, used 51539K [0x00000000c0000000, 0x00000000c4300000, 0x00000000eab00000)
  object space 68608K, 75% used [0x00000000c0000000,0x00000000c3254f20,0x00000000c4300000)
 Metaspace       used 64542K, committed 65536K, reserved 1114112K
  class space    used 7542K, committed 8000K, reserved 1048576K
}
Event: 247.686 GC heap before
{Heap before GC invocations=68 (full 3):
 PSYoungGen      total 18944K, used 18656K [0x00000000eab00000, 0x00000000ec180000, 0x0000000100000000)
  eden space 18432K, 100% used [0x00000000eab00000,0x00000000ebd00000,0x00000000ebd00000)
  from space 512K, 43% used [0x00000000ec100000,0x00000000ec138000,0x00000000ec180000)
  to   space 512K, 0% used [0x00000000ec080000,0x00000000ec080000,0x00000000ec100000)
 ParOldGen       total 68608K, used 51539K [0x00000000c0000000, 0x00000000c4300000, 0x00000000eab00000)
  object space 68608K, 75% used [0x00000000c0000000,0x00000000c3254f20,0x00000000c4300000)
 Metaspace       used 64542K, committed 65536K, reserved 1114112K
  class space    used 7542K, committed 8000K, reserved 1048576K
}
Event: 247.688 GC heap after
{Heap after GC invocations=68 (full 3):
 PSYoungGen      total 18944K, used 128K [0x00000000eab00000, 0x00000000ec180000, 0x0000000100000000)
  eden space 18432K, 0% used [0x00000000eab00000,0x00000000eab00000,0x00000000ebd00000)
  from space 512K, 25% used [0x00000000ec080000,0x00000000ec0a0000,0x00000000ec100000)
  to   space 512K, 0% used [0x00000000ec100000,0x00000000ec100000,0x00000000ec180000)
 ParOldGen       total 68608K, used 51652K [0x00000000c0000000, 0x00000000c4300000, 0x00000000eab00000)
  object space 68608K, 75% used [0x00000000c0000000,0x00000000c3271390,0x00000000c4300000)
 Metaspace       used 64542K, committed 65536K, reserved 1114112K
  class space    used 7542K, committed 8000K, reserved 1048576K
}
Event: 247.914 GC heap before
{Heap before GC invocations=69 (full 3):
 PSYoungGen      total 18944K, used 18560K [0x00000000eab00000, 0x00000000ec180000, 0x0000000100000000)
  eden space 18432K, 100% used [0x00000000eab00000,0x00000000ebd00000,0x00000000ebd00000)
  from space 512K, 25% used [0x00000000ec080000,0x00000000ec0a0000,0x00000000ec100000)
  to   space 512K, 0% used [0x00000000ec100000,0x00000000ec100000,0x00000000ec180000)
 ParOldGen       total 68608K, used 51652K [0x00000000c0000000, 0x00000000c4300000, 0x00000000eab00000)
  object space 68608K, 75% used [0x00000000c0000000,0x00000000c3271390,0x00000000c4300000)
 Metaspace       used 64543K, committed 65536K, reserved 1114112K
  class space    used 7543K, committed 8000K, reserved 1048576K
}
Event: 247.915 GC heap after
{Heap after GC invocations=69 (full 3):
 PSYoungGen      total 18944K, used 192K [0x00000000eab00000, 0x00000000ec180000, 0x0000000100000000)
  eden space 18432K, 0% used [0x00000000eab00000,0x00000000eab00000,0x00000000ebd00000)
  from space 512K, 37% used [0x00000000ec100000,0x00000000ec130000,0x00000000ec180000)
  to   space 512K, 0% used [0x00000000ec080000,0x00000000ec080000,0x00000000ec100000)
 ParOldGen       total 68608K, used 51652K [0x00000000c0000000, 0x00000000c4300000, 0x00000000eab00000)
  object space 68608K, 75% used [0x00000000c0000000,0x00000000c3271390,0x00000000c4300000)
 Metaspace       used 64543K, committed 65536K, reserved 1114112K
  class space    used 7543K, committed 8000K, reserved 1048576K
}
Event: 248.040 GC heap before
{Heap before GC invocations=70 (full 3):
 PSYoungGen      total 18944K, used 18624K [0x00000000eab00000, 0x00000000ec180000, 0x0000000100000000)
  eden space 18432K, 100% used [0x00000000eab00000,0x00000000ebd00000,0x00000000ebd00000)
  from space 512K, 37% used [0x00000000ec100000,0x00000000ec130000,0x00000000ec180000)
  to   space 512K, 0% used [0x00000000ec080000,0x00000000ec080000,0x00000000ec100000)
 ParOldGen       total 68608K, used 51652K [0x00000000c0000000, 0x00000000c4300000, 0x00000000eab00000)
  object space 68608K, 75% used [0x00000000c0000000,0x00000000c3271390,0x00000000c4300000)
 Metaspace       used 64543K, committed 65536K, reserved 1114112K
  class space    used 7543K, committed 8000K, reserved 1048576K
}
Event: 248.041 GC heap after
{Heap after GC invocations=70 (full 3):
 PSYoungGen      total 18944K, used 160K [0x00000000eab00000, 0x00000000ec180000, 0x0000000100000000)
  eden space 18432K, 0% used [0x00000000eab00000,0x00000000eab00000,0x00000000ebd00000)
  from space 512K, 31% used [0x00000000ec080000,0x00000000ec0a8000,0x00000000ec100000)
  to   space 512K, 0% used [0x00000000ec100000,0x00000000ec100000,0x00000000ec180000)
 ParOldGen       total 68608K, used 51700K [0x00000000c0000000, 0x00000000c4300000, 0x00000000eab00000)
  object space 68608K, 75% used [0x00000000c0000000,0x00000000c327d390,0x00000000c4300000)
 Metaspace       used 64543K, committed 65536K, reserved 1114112K
  class space    used 7543K, committed 8000K, reserved 1048576K
}
Event: 249.449 GC heap before
{Heap before GC invocations=71 (full 3):
 PSYoungGen      total 18944K, used 18520K [0x00000000eab00000, 0x00000000ec180000, 0x0000000100000000)
  eden space 18432K, 99% used [0x00000000eab00000,0x00000000ebcee3c8,0x00000000ebd00000)
  from space 512K, 31% used [0x00000000ec080000,0x00000000ec0a8000,0x00000000ec100000)
  to   space 512K, 0% used [0x00000000ec100000,0x00000000ec100000,0x00000000ec180000)
 ParOldGen       total 68608K, used 51700K [0x00000000c0000000, 0x00000000c4300000, 0x00000000eab00000)
  object space 68608K, 75% used [0x00000000c0000000,0x00000000c327d390,0x00000000c4300000)
 Metaspace       used 64922K, committed 65920K, reserved 1114112K
  class space    used 7585K, committed 8064K, reserved 1048576K
}
Event: 249.455 GC heap after
{Heap after GC invocations=71 (full 3):
 PSYoungGen      total 18944K, used 352K [0x00000000eab00000, 0x00000000ec180000, 0x0000000100000000)
  eden space 18432K, 0% used [0x00000000eab00000,0x00000000eab00000,0x00000000ebd00000)
  from space 512K, 68% used [0x00000000ec100000,0x00000000ec158000,0x00000000ec180000)
  to   space 512K, 0% used [0x00000000ec080000,0x00000000ec080000,0x00000000ec100000)
 ParOldGen       total 68608K, used 51708K [0x00000000c0000000, 0x00000000c4300000, 0x00000000eab00000)
  object space 68608K, 75% used [0x00000000c0000000,0x00000000c327f390,0x00000000c4300000)
 Metaspace       used 64922K, committed 65920K, reserved 1114112K
  class space    used 7585K, committed 8064K, reserved 1048576K
}
Event: 250.082 GC heap before
{Heap before GC invocations=72 (full 3):
 PSYoungGen      total 18944K, used 18784K [0x00000000eab00000, 0x00000000ec180000, 0x0000000100000000)
  eden space 18432K, 100% used [0x00000000eab00000,0x00000000ebd00000,0x00000000ebd00000)
  from space 512K, 68% used [0x00000000ec100000,0x00000000ec158000,0x00000000ec180000)
  to   space 512K, 0% used [0x00000000ec080000,0x00000000ec080000,0x00000000ec100000)
 ParOldGen       total 68608K, used 51708K [0x00000000c0000000, 0x00000000c4300000, 0x00000000eab00000)
  object space 68608K, 75% used [0x00000000c0000000,0x00000000c327f390,0x00000000c4300000)
 Metaspace       used 65577K, committed 66624K, reserved 1114112K
  class space    used 7645K, committed 8128K, reserved 1048576K
}
Event: 250.087 GC heap after
{Heap after GC invocations=72 (full 3):
 PSYoungGen      total 18944K, used 480K [0x00000000eab00000, 0x00000000ec180000, 0x0000000100000000)
  eden space 18432K, 0% used [0x00000000eab00000,0x00000000eab00000,0x00000000ebd00000)
  from space 512K, 93% used [0x00000000ec080000,0x00000000ec0f8000,0x00000000ec100000)
  to   space 512K, 0% used [0x00000000ec100000,0x00000000ec100000,0x00000000ec180000)
 ParOldGen       total 68608K, used 51991K [0x00000000c0000000, 0x00000000c4300000, 0x00000000eab00000)
  object space 68608K, 75% used [0x00000000c0000000,0x00000000c32c5ec0,0x00000000c4300000)
 Metaspace       used 65577K, committed 66624K, reserved 1114112K
  class space    used 7645K, committed 8128K, reserved 1048576K
}
Event: 250.350 GC heap before
{Heap before GC invocations=73 (full 3):
 PSYoungGen      total 18944K, used 18912K [0x00000000eab00000, 0x00000000ec180000, 0x0000000100000000)
  eden space 18432K, 100% used [0x00000000eab00000,0x00000000ebd00000,0x00000000ebd00000)
  from space 512K, 93% used [0x00000000ec080000,0x00000000ec0f8000,0x00000000ec100000)
  to   space 512K, 0% used [0x00000000ec100000,0x00000000ec100000,0x00000000ec180000)
 ParOldGen       total 68608K, used 51991K [0x00000000c0000000, 0x00000000c4300000, 0x00000000eab00000)
  object space 68608K, 75% used [0x00000000c0000000,0x00000000c32c5ec0,0x00000000c4300000)
 Metaspace       used 65729K, committed 66752K, reserved 1114112K
  class space    used 7653K, committed 8128K, reserved 1048576K
}
Event: 250.352 GC heap after
{Heap after GC invocations=73 (full 3):
 PSYoungGen      total 18944K, used 352K [0x00000000eab00000, 0x00000000ec180000, 0x0000000100000000)
  eden space 18432K, 0% used [0x00000000eab00000,0x00000000eab00000,0x00000000ebd00000)
  from space 512K, 68% used [0x00000000ec100000,0x00000000ec158000,0x00000000ec180000)
  to   space 512K, 0% used [0x00000000ec080000,0x00000000ec080000,0x00000000ec100000)
 ParOldGen       total 68608K, used 52335K [0x00000000c0000000, 0x00000000c4300000, 0x00000000eab00000)
  object space 68608K, 76% used [0x00000000c0000000,0x00000000c331bed0,0x00000000c4300000)
 Metaspace       used 65729K, committed 66752K, reserved 1114112K
  class space    used 7653K, committed 8128K, reserved 1048576K
}
Event: 251.507 GC heap before
{Heap before GC invocations=74 (full 3):
 PSYoungGen      total 18944K, used 18784K [0x00000000eab00000, 0x00000000ec180000, 0x0000000100000000)
  eden space 18432K, 100% used [0x00000000eab00000,0x00000000ebd00000,0x00000000ebd00000)
  from space 512K, 68% used [0x00000000ec100000,0x00000000ec158000,0x00000000ec180000)
  to   space 512K, 0% used [0x00000000ec080000,0x00000000ec080000,0x00000000ec100000)
 ParOldGen       total 68608K, used 52335K [0x00000000c0000000, 0x00000000c4300000, 0x00000000eab00000)
  object space 68608K, 76% used [0x00000000c0000000,0x00000000c331bed0,0x00000000c4300000)
 Metaspace       used 67941K, committed 68992K, reserved 1114112K
  class space    used 7875K, committed 8320K, reserved 1048576K
}
Event: 251.513 GC heap after
{Heap after GC invocations=74 (full 3):
 PSYoungGen      total 18944K, used 504K [0x00000000eab00000, 0x00000000ec180000, 0x0000000100000000)
  eden space 18432K, 0% used [0x00000000eab00000,0x00000000eab00000,0x00000000ebd00000)
  from space 512K, 98% used [0x00000000ec080000,0x00000000ec0fe098,0x00000000ec100000)
  to   space 512K, 0% used [0x00000000ec100000,0x00000000ec100000,0x00000000ec180000)
 ParOldGen       total 68608K, used 52759K [0x00000000c0000000, 0x00000000c4300000, 0x00000000eab00000)
  object space 68608K, 76% used [0x00000000c0000000,0x00000000c3385c68,0x00000000c4300000)
 Metaspace       used 67941K, committed 68992K, reserved 1114112K
  class space    used 7875K, committed 8320K, reserved 1048576K
}
Event: 252.267 GC heap before
{Heap before GC invocations=75 (full 3):
 PSYoungGen      total 18944K, used 18936K [0x00000000eab00000, 0x00000000ec180000, 0x0000000100000000)
  eden space 18432K, 100% used [0x00000000eab00000,0x00000000ebd00000,0x00000000ebd00000)
  from space 512K, 98% used [0x00000000ec080000,0x00000000ec0fe098,0x00000000ec100000)
  to   space 512K, 0% used [0x00000000ec100000,0x00000000ec100000,0x00000000ec180000)
 ParOldGen       total 68608K, used 52759K [0x00000000c0000000, 0x00000000c4300000, 0x00000000eab00000)
  object space 68608K, 76% used [0x00000000c0000000,0x00000000c3385c68,0x00000000c4300000)
 Metaspace       used 68420K, committed 69504K, reserved 1114112K
  class space    used 7908K, committed 8384K, reserved 1048576K
}
Event: 252.272 GC heap after
{Heap after GC invocations=75 (full 3):
 PSYoungGen      total 18944K, used 512K [0x00000000eab00000, 0x00000000ec180000, 0x0000000100000000)
  eden space 18432K, 0% used [0x00000000eab00000,0x00000000eab00000,0x00000000ebd00000)
  from space 512K, 100% used [0x00000000ec100000,0x00000000ec180000,0x00000000ec180000)
  to   space 1536K, 0% used [0x00000000ebe80000,0x00000000ebe80000,0x00000000ec000000)
 ParOldGen       total 68608K, used 53367K [0x00000000c0000000, 0x00000000c4300000, 0x00000000eab00000)
  object space 68608K, 77% used [0x00000000c0000000,0x00000000c341ddf0,0x00000000c4300000)
 Metaspace       used 68420K, committed 69504K, reserved 1114112K
  class space    used 7908K, committed 8384K, reserved 1048576K
}

